<?xml version="1.0" encoding="UTF-8"?>
<!-- Generated by org.testng.reporters.JUnitXMLReporter -->
<testsuite ignored="0" hostname="Barnik_Acer" failures="0" tests="9" name="Default test" time="18.948" errors="0" timestamp="2024-12-15T01:11:33 IST">
  <testcase classname="api.test.DataDrivenTests" name="testPostUser" time="4.185"/>
  <testcase classname="api.test.DataDrivenTests" name="testPostUser" time="1.576"/>
  <testcase classname="api.test.DataDrivenTests" name="testPostUser" time="1.632"/>
  <testcase classname="api.test.DataDrivenTests" name="testGetUserByName" time="1.75"/>
  <testcase classname="api.test.DataDrivenTests" name="testGetUserByName" time="1.607"/>
  <testcase classname="api.test.DataDrivenTests" name="testGetUserByName" time="1.633"/>
  <testcase classname="api.test.DataDrivenTests" name="testDeleteUserByName" time="1.52"/>
  <testcase classname="api.test.DataDrivenTests" name="testDeleteUserByName" time="1.532"/>
  <testcase classname="api.test.DataDrivenTests" name="testDeleteUserByName" time="1.534"/>
</testsuite> <!-- Default test -->
