<?xml version="1.0" encoding="UTF-8"?>
<!-- Generated by org.testng.reporters.JUnitXMLReporter -->
<testsuite ignored="0" hostname="Barnik_Acer" failures="0" tests="4" name="PetTest" time="9.093" errors="0" timestamp="2024-12-15T13:32:23 IST">
  <testcase classname="api.test.UserTests2" name="testPostUser" time="3.17"/>
  <testcase classname="api.test.UserTests2" name="testGetUserByName" time="1.28"/>
  <testcase classname="api.test.UserTests2" name="testUpdateUserByName" time="2.422"/>
  <testcase classname="api.test.UserTests2" name="testDeleteUserByName" time="1.254"/>
</testsuite> <!-- PetTest -->
